{"/Users/benjohnson/dev/todos/src/modules/lists/list.service.ts": {"path":"/Users/benjohnson/dev/todos/src/modules/lists/list.service.ts","statementMap":{"0":{"start":{"line":5,"column":22},"end":{"line":5,"column":44}},"1":{"start":{"line":9,"column":4},"end":{"line":9,"column":40}},"2":{"start":{"line":13,"column":18},"end":{"line":13,"column":32}},"3":{"start":{"line":14,"column":17},"end":{"line":14,"column":26}},"4":{"start":{"line":16,"column":4},"end":{"line":16,"column":34}},"5":{"start":{"line":16,"column":15},"end":{"line":16,"column":34}},"6":{"start":{"line":18,"column":4},"end":{"line":18,"column":15}},"7":{"start":{"line":22,"column":15},"end":{"line":22,"column":27}},"8":{"start":{"line":24,"column":18},"end":{"line":24,"column":32}},"9":{"start":{"line":25,"column":4},"end":{"line":30,"column":5}},"10":{"start":{"line":32,"column":4},"end":{"line":32,"column":20}},"11":{"start":{"line":39,"column":18},"end":{"line":39,"column":32}},"12":{"start":{"line":40,"column":17},"end":{"line":40,"column":26}},"13":{"start":{"line":42,"column":4},"end":{"line":42,"column":34}},"14":{"start":{"line":42,"column":15},"end":{"line":42,"column":34}},"15":{"start":{"line":44,"column":4},"end":{"line":47,"column":5}},"16":{"start":{"line":49,"column":4},"end":{"line":49,"column":20}},"17":{"start":{"line":53,"column":18},"end":{"line":53,"column":32}},"18":{"start":{"line":54,"column":17},"end":{"line":54,"column":26}},"19":{"start":{"line":56,"column":4},"end":{"line":56,"column":34}},"20":{"start":{"line":56,"column":15},"end":{"line":56,"column":34}},"21":{"start":{"line":58,"column":4},"end":{"line":58,"column":20}},"22":{"start":{"line":59,"column":4},"end":{"line":59,"column":15}}},"fnMap":{"0":{"name":"(anonymous_0)","decl":{"start":{"line":8,"column":2},"end":{"line":8,"column":3}},"loc":{"start":{"line":8,"column":23},"end":{"line":10,"column":3}},"line":8},"1":{"name":"(anonymous_1)","decl":{"start":{"line":12,"column":2},"end":{"line":12,"column":3}},"loc":{"start":{"line":12,"column":33},"end":{"line":19,"column":3}},"line":12},"2":{"name":"(anonymous_2)","decl":{"start":{"line":21,"column":2},"end":{"line":21,"column":3}},"loc":{"start":{"line":21,"column":79},"end":{"line":33,"column":3}},"line":21},"3":{"name":"(anonymous_3)","decl":{"start":{"line":35,"column":2},"end":{"line":35,"column":3}},"loc":{"start":{"line":38,"column":4},"end":{"line":50,"column":3}},"line":38},"4":{"name":"(anonymous_4)","decl":{"start":{"line":52,"column":2},"end":{"line":52,"column":3}},"loc":{"start":{"line":52,"column":32},"end":{"line":60,"column":3}},"line":52}},"branchMap":{"0":{"loc":{"start":{"line":16,"column":4},"end":{"line":16,"column":34}},"type":"if","locations":[{"start":{"line":16,"column":4},"end":{"line":16,"column":34}},{"start":{"line":16,"column":4},"end":{"line":16,"column":34}}],"line":16},"1":{"loc":{"start":{"line":42,"column":4},"end":{"line":42,"column":34}},"type":"if","locations":[{"start":{"line":42,"column":4},"end":{"line":42,"column":34}},{"start":{"line":42,"column":4},"end":{"line":42,"column":34}}],"line":42},"2":{"loc":{"start":{"line":56,"column":4},"end":{"line":56,"column":34}},"type":"if","locations":[{"start":{"line":56,"column":4},"end":{"line":56,"column":34}},{"start":{"line":56,"column":4},"end":{"line":56,"column":34}}],"line":56}},"s":{"0":1,"1":1,"2":4,"3":4,"4":4,"5":1,"6":3,"7":1,"8":1,"9":1,"10":1,"11":2,"12":2,"13":2,"14":1,"15":1,"16":1,"17":2,"18":2,"19":2,"20":1,"21":1,"22":1},"f":{"0":1,"1":4,"2":1,"3":2,"4":2},"b":{"0":[1,3],"1":[1,1],"2":[1,1]},"_coverageSchema":"1a1c01bbd47fc00a2c39e90264f33305004495a9","hash":"8d0fc03024ea13cc6342e12f68b57d30b7845706"}
,"/Users/benjohnson/dev/todos/src/modules/lists/types.ts": {"path":"/Users/benjohnson/dev/todos/src/modules/lists/types.ts","statementMap":{},"fnMap":{},"branchMap":{},"s":{},"f":{},"b":{}}
,"/Users/benjohnson/dev/todos/src/pages/ListGroupsPage/ListGroupsPage.tsx": {"path":"/Users/benjohnson/dev/todos/src/pages/ListGroupsPage/ListGroupsPage.tsx","statementMap":{"0":{"start":{"line":9,"column":16},"end":{"line":9,"column":19}},"1":{"start":{"line":17,"column":16},"end":{"line":26,"column":1}},"2":{"start":{"line":50,"column":41},"end":{"line":91,"column":1}},"3":{"start":{"line":61,"column":26},"end":{"line":84,"column":3}},"4":{"start":{"line":62,"column":54},"end":{"line":64,"column":5}},"5":{"start":{"line":66,"column":4},"end":{"line":70,"column":5}},"6":{"start":{"line":67,"column":20},"end":{"line":67,"column":37}},"7":{"start":{"line":68,"column":6},"end":{"line":68,"column":37}},"8":{"start":{"line":69,"column":6},"end":{"line":69,"column":40}},"9":{"start":{"line":72,"column":4},"end":{"line":76,"column":5}},"10":{"start":{"line":73,"column":20},"end":{"line":73,"column":37}},"11":{"start":{"line":74,"column":6},"end":{"line":74,"column":38}},"12":{"start":{"line":75,"column":6},"end":{"line":75,"column":39}},"13":{"start":{"line":78,"column":4},"end":{"line":78,"column":65}},"14":{"start":{"line":78,"column":20},"end":{"line":78,"column":65}},"15":{"start":{"line":79,"column":4},"end":{"line":79,"column":74}},"16":{"start":{"line":79,"column":23},"end":{"line":79,"column":74}},"17":{"start":{"line":80,"column":4},"end":{"line":80,"column":68}},"18":{"start":{"line":80,"column":21},"end":{"line":80,"column":68}},"19":{"start":{"line":81,"column":4},"end":{"line":81,"column":71}},"20":{"start":{"line":81,"column":22},"end":{"line":81,"column":71}},"21":{"start":{"line":83,"column":4},"end":{"line":83,"column":23}},"22":{"start":{"line":86,"column":2},"end":{"line":90,"column":3}},"23":{"start":{"line":97,"column":45},"end":{"line":108,"column":1}},"24":{"start":{"line":98,"column":2},"end":{"line":107,"column":3}},"25":{"start":{"line":102,"column":8},"end":{"line":102,"column":33}},"26":{"start":{"line":102,"column":21},"end":{"line":102,"column":33}},"27":{"start":{"line":104,"column":8},"end":{"line":104,"column":52}},"28":{"start":{"line":114,"column":47},"end":{"line":136,"column":1}},"29":{"start":{"line":119,"column":17},"end":{"line":129,"column":3}},"30":{"start":{"line":131,"column":2},"end":{"line":135,"column":3}},"31":{"start":{"line":139,"column":49},"end":{"line":146,"column":1}},"32":{"start":{"line":141,"column":2},"end":{"line":145,"column":3}},"33":{"start":{"line":156,"column":43},"end":{"line":169,"column":1}},"34":{"start":{"line":157,"column":2},"end":{"line":168,"column":3}},"35":{"start":{"line":174,"column":43},"end":{"line":185,"column":1}},"36":{"start":{"line":175,"column":2},"end":{"line":184,"column":3}},"37":{"start":{"line":197,"column":56},"end":{"line":248,"column":1}},"38":{"start":{"line":198,"column":2},"end":{"line":247,"column":3}},"39":{"start":{"line":221,"column":12},"end":{"line":242,"column":19}},"40":{"start":{"line":250,"column":61},"end":{"line":256,"column":1}},"41":{"start":{"line":251,"column":2},"end":{"line":255,"column":3}}},"fnMap":{"0":{"name":"(anonymous_0)","decl":{"start":{"line":50,"column":41},"end":{"line":50,"column":42}},"loc":{"start":{"line":60,"column":6},"end":{"line":91,"column":1}},"line":60},"1":{"name":"(anonymous_1)","decl":{"start":{"line":61,"column":26},"end":{"line":61,"column":27}},"loc":{"start":{"line":61,"column":32},"end":{"line":84,"column":3}},"line":61},"2":{"name":"(anonymous_2)","decl":{"start":{"line":97,"column":45},"end":{"line":97,"column":46}},"loc":{"start":{"line":97,"column":79},"end":{"line":108,"column":1}},"line":97},"3":{"name":"(anonymous_3)","decl":{"start":{"line":100,"column":30},"end":{"line":100,"column":31}},"loc":{"start":{"line":100,"column":44},"end":{"line":105,"column":7}},"line":100},"4":{"name":"(anonymous_4)","decl":{"start":{"line":114,"column":47},"end":{"line":114,"column":48}},"loc":{"start":{"line":118,"column":6},"end":{"line":136,"column":1}},"line":118},"5":{"name":"(anonymous_5)","decl":{"start":{"line":139,"column":49},"end":{"line":139,"column":50}},"loc":{"start":{"line":139,"column":77},"end":{"line":146,"column":1}},"line":139},"6":{"name":"(anonymous_6)","decl":{"start":{"line":156,"column":43},"end":{"line":156,"column":44}},"loc":{"start":{"line":156,"column":71},"end":{"line":169,"column":1}},"line":156},"7":{"name":"(anonymous_7)","decl":{"start":{"line":174,"column":43},"end":{"line":174,"column":44}},"loc":{"start":{"line":174,"column":71},"end":{"line":185,"column":1}},"line":174},"8":{"name":"(anonymous_8)","decl":{"start":{"line":197,"column":56},"end":{"line":197,"column":57}},"loc":{"start":{"line":197,"column":70},"end":{"line":248,"column":1}},"line":197},"9":{"name":"(anonymous_9)","decl":{"start":{"line":220,"column":16},"end":{"line":220,"column":17}},"loc":{"start":{"line":221,"column":12},"end":{"line":242,"column":19}},"line":221},"10":{"name":"(anonymous_10)","decl":{"start":{"line":250,"column":61},"end":{"line":250,"column":62}},"loc":{"start":{"line":250,"column":73},"end":{"line":256,"column":1}},"line":250}},"branchMap":{"0":{"loc":{"start":{"line":52,"column":2},"end":{"line":52,"column":18}},"type":"default-arg","locations":[{"start":{"line":52,"column":12},"end":{"line":52,"column":18}}],"line":52},"1":{"loc":{"start":{"line":66,"column":4},"end":{"line":70,"column":5}},"type":"if","locations":[{"start":{"line":66,"column":4},"end":{"line":70,"column":5}},{"start":{"line":66,"column":4},"end":{"line":70,"column":5}}],"line":66},"2":{"loc":{"start":{"line":72,"column":4},"end":{"line":76,"column":5}},"type":"if","locations":[{"start":{"line":72,"column":4},"end":{"line":76,"column":5}},{"start":{"line":72,"column":4},"end":{"line":76,"column":5}}],"line":72},"3":{"loc":{"start":{"line":78,"column":4},"end":{"line":78,"column":65}},"type":"if","locations":[{"start":{"line":78,"column":4},"end":{"line":78,"column":65}},{"start":{"line":78,"column":4},"end":{"line":78,"column":65}}],"line":78},"4":{"loc":{"start":{"line":79,"column":4},"end":{"line":79,"column":74}},"type":"if","locations":[{"start":{"line":79,"column":4},"end":{"line":79,"column":74}},{"start":{"line":79,"column":4},"end":{"line":79,"column":74}}],"line":79},"5":{"loc":{"start":{"line":80,"column":4},"end":{"line":80,"column":68}},"type":"if","locations":[{"start":{"line":80,"column":4},"end":{"line":80,"column":68}},{"start":{"line":80,"column":4},"end":{"line":80,"column":68}}],"line":80},"6":{"loc":{"start":{"line":81,"column":4},"end":{"line":81,"column":71}},"type":"if","locations":[{"start":{"line":81,"column":4},"end":{"line":81,"column":71}},{"start":{"line":81,"column":4},"end":{"line":81,"column":71}}],"line":81},"7":{"loc":{"start":{"line":97,"column":58},"end":{"line":97,"column":72}},"type":"default-arg","locations":[{"start":{"line":97,"column":66},"end":{"line":97,"column":72}}],"line":97},"8":{"loc":{"start":{"line":102,"column":8},"end":{"line":102,"column":33}},"type":"if","locations":[{"start":{"line":102,"column":8},"end":{"line":102,"column":33}},{"start":{"line":102,"column":8},"end":{"line":102,"column":33}}],"line":102},"9":{"loc":{"start":{"line":116,"column":2},"end":{"line":116,"column":17}},"type":"default-arg","locations":[{"start":{"line":116,"column":10},"end":{"line":116,"column":17}}],"line":116}},"s":{"0":0,"1":0,"2":0,"3":0,"4":0,"5":0,"6":0,"7":0,"8":0,"9":0,"10":0,"11":0,"12":0,"13":0,"14":0,"15":0,"16":0,"17":0,"18":0,"19":0,"20":0,"21":0,"22":0,"23":0,"24":0,"25":0,"26":0,"27":0,"28":0,"29":0,"30":0,"31":0,"32":0,"33":0,"34":0,"35":0,"36":0,"37":0,"38":0,"39":0,"40":0,"41":0},"f":{"0":0,"1":0,"2":0,"3":0,"4":0,"5":0,"6":0,"7":0,"8":0,"9":0,"10":0},"b":{"0":[0],"1":[0,0],"2":[0,0],"3":[0,0],"4":[0,0],"5":[0,0],"6":[0,0],"7":[0],"8":[0,0],"9":[0]}}
,"/Users/benjohnson/dev/todos/src/pages/ListGroupsPage/index.ts": {"path":"/Users/benjohnson/dev/todos/src/pages/ListGroupsPage/index.ts","statementMap":{},"fnMap":{},"branchMap":{},"s":{},"f":{},"b":{}}
,"/Users/benjohnson/dev/todos/src/utils/generateId.ts": {"path":"/Users/benjohnson/dev/todos/src/utils/generateId.ts","statementMap":{"0":{"start":{"line":6,"column":26},"end":{"line":8,"column":1}},"1":{"start":{"line":7,"column":2},"end":{"line":7,"column":48}}},"fnMap":{"0":{"name":"(anonymous_0)","decl":{"start":{"line":6,"column":26},"end":{"line":6,"column":27}},"loc":{"start":{"line":6,"column":32},"end":{"line":8,"column":1}},"line":6}},"branchMap":{},"s":{"0":1,"1":1},"f":{"0":1},"b":{},"_coverageSchema":"1a1c01bbd47fc00a2c39e90264f33305004495a9","hash":"4f9360106235f085a77dc48501109d611e077972"}
}
