TN:
SF:src/modules/lists/list.service.ts
FN:8,(anonymous_0)
FN:12,(anonymous_1)
FN:21,(anonymous_2)
FN:35,(anonymous_3)
FN:52,(anonymous_4)
FNF:5
FNH:5
FNDA:1,(anonymous_0)
FNDA:4,(anonymous_1)
FNDA:1,(anonymous_2)
FNDA:2,(anonymous_3)
FNDA:2,(anonymous_4)
DA:5,1
DA:9,1
DA:13,4
DA:14,4
DA:16,4
DA:18,3
DA:22,1
DA:24,1
DA:25,1
DA:32,1
DA:39,2
DA:40,2
DA:42,2
DA:44,1
DA:49,1
DA:53,2
DA:54,2
DA:56,2
DA:58,1
DA:59,1
LF:20
LH:20
BRDA:16,0,0,1
BRDA:16,0,1,3
BRDA:42,1,0,1
BRDA:42,1,1,1
BRDA:56,2,0,1
BRDA:56,2,1,1
BRF:6
BRH:6
end_of_record
TN:
SF:src/modules/lists/types.ts
FNF:0
FNH:0
LF:0
LH:0
BRF:0
BRH:0
end_of_record
TN:
SF:src/pages/ListGroupsPage/ListGroupsPage.tsx
FN:50,(anonymous_0)
FN:61,(anonymous_1)
FN:97,(anonymous_2)
FN:100,(anonymous_3)
FN:114,(anonymous_4)
FN:139,(anonymous_5)
FN:156,(anonymous_6)
FN:174,(anonymous_7)
FN:197,(anonymous_8)
FN:220,(anonymous_9)
FN:250,(anonymous_10)
FNF:11
FNH:0
FNDA:0,(anonymous_0)
FNDA:0,(anonymous_1)
FNDA:0,(anonymous_2)
FNDA:0,(anonymous_3)
FNDA:0,(anonymous_4)
FNDA:0,(anonymous_5)
FNDA:0,(anonymous_6)
FNDA:0,(anonymous_7)
FNDA:0,(anonymous_8)
FNDA:0,(anonymous_9)
FNDA:0,(anonymous_10)
DA:9,0
DA:17,0
DA:50,0
DA:61,0
DA:62,0
DA:66,0
DA:67,0
DA:68,0
DA:69,0
DA:72,0
DA:73,0
DA:74,0
DA:75,0
DA:78,0
DA:79,0
DA:80,0
DA:81,0
DA:83,0
DA:86,0
DA:97,0
DA:98,0
DA:102,0
DA:104,0
DA:114,0
DA:119,0
DA:131,0
DA:139,0
DA:141,0
DA:156,0
DA:157,0
DA:174,0
DA:175,0
DA:197,0
DA:198,0
DA:221,0
DA:250,0
DA:251,0
LF:37
LH:0
BRDA:52,0,0,0
BRDA:66,1,0,0
BRDA:66,1,1,0
BRDA:72,2,0,0
BRDA:72,2,1,0
BRDA:78,3,0,0
BRDA:78,3,1,0
BRDA:79,4,0,0
BRDA:79,4,1,0
BRDA:80,5,0,0
BRDA:80,5,1,0
BRDA:81,6,0,0
BRDA:81,6,1,0
BRDA:97,7,0,0
BRDA:102,8,0,0
BRDA:102,8,1,0
BRDA:116,9,0,0
BRF:17
BRH:0
end_of_record
TN:
SF:src/pages/ListGroupsPage/index.ts
FNF:0
FNH:0
LF:0
LH:0
BRF:0
BRH:0
end_of_record
TN:
SF:src/utils/generateId.ts
FN:6,(anonymous_0)
FNF:1
FNH:1
FNDA:1,(anonymous_0)
DA:6,1
DA:7,1
LF:2
LH:2
BRF:0
BRH:0
end_of_record
